<?xml version="1.0" encoding="UTF-8"?>
<!-- Generated by org.testng.reporters.JUnitReportReporter -->
<testsuite skipped="0" hostname="DESKTOP-BTQFDNR" name="com.dev.Eduley.EduleyAutomationAddCourseInIAP" tests="1" failures="0" timestamp="16 Nov 2023 08:06:18 GMT" time="160.819" errors="0">
  <testcase name="eduleyIAPAddCourse" time="160.819" classname="com.dev.Eduley.EduleyAutomationAddCourseInIAP"/>
</testsuite> <!-- com.dev.Eduley.EduleyAutomationAddCourseInIAP -->
