<?xml version="1.0" encoding="UTF-8"?>
<!-- Generated by org.testng.reporters.JUnitReportReporter -->
<testsuite skipped="0" hostname="DESKTOP-BTQFDNR" name="com.dev.Eduley.EduleyAutomationInstituteRegister" tests="1" failures="0" timestamp="17 Nov 2023 10:23:37 GMT" time="64.970" errors="0">
  <testcase name="eduleyInstituteRegister" time="64.970" classname="com.dev.Eduley.EduleyAutomationInstituteRegister"/>
</testsuite> <!-- com.dev.Eduley.EduleyAutomationInstituteRegister -->
